<?xml version="1.0" encoding="UTF-8"?>
<!-- Generated by org.testng.reporters.JUnitReportReporter -->
<testsuite hostname="Anshi_Aryan" failures="0" tests="1" name="com.API.FlightAPI" time="1.390" errors="0" timestamp="2023-06-13T22:37:14 CEST" skipped="0">
  <testcase classname="com.API.FlightAPI" name="getBookingList" time="1.390"/>
  <system-out/>
</testsuite> <!-- com.API.FlightAPI -->
