<?xml version="1.0" encoding="UTF-8"?>
<!-- Generated by org.testng.reporters.JUnitReportReporter -->
<testsuite hostname="Anshi_Aryan" failures="0" tests="1" name="com.simplilearn.flyaway" time="13.641" errors="0" timestamp="2023-06-11T20:41:15 CEST" skipped="0">
  <testcase classname="com.simplilearn.flyaway" name="signup" time="13.641"/>
  <system-out/>
</testsuite> <!-- com.simplilearn.flyaway -->
